2025-02-02 13:27:35,184 - __main__ - INFO - User guest executed login
2025-02-02 13:27:36,627 - __main__ - INFO - User guest executed google_login
2025-02-02 13:27:41,458 - __main__ - INFO - User guest executed google_callback
2025-02-02 13:27:43,830 - __main__ - INFO - User 675dcc7f7431b5fa52550582 executed select_db
2025-02-02 13:27:54,063 - __main__ - INFO - User 675dcc7f7431b5fa52550582 executed select_db
2025-02-02 13:27:55,618 - __main__ - INFO - User 675dcc7f7431b5fa52550582 executed connect_database
2025-02-02 13:44:25,877 - __main__ - INFO - User 675dcc7f7431b5fa52550582 executed login
2025-02-02 13:44:29,171 - __main__ - INFO - User 675dcc7f7431b5fa52550582 executed login
2025-02-02 13:44:30,670 - __main__ - INFO - User 675dcc7f7431b5fa52550582 executed google_login
2025-02-02 13:44:37,636 - __main__ - INFO - User 675dcc7f7431b5fa52550582 executed google_callback
2025-02-02 13:44:43,978 - __main__ - INFO - User 675dcc7f7431b5fa52550582 executed select_db
2025-02-02 13:44:50,158 - __main__ - INFO - User 675dcc7f7431b5fa52550582 executed select_db
2025-02-02 13:44:51,710 - __main__ - INFO - User 675dcc7f7431b5fa52550582 executed connect_database
2025-02-02 13:47:17,242 - __main__ - INFO - User 675dcc7f7431b5fa52550582 executed connect_database
2025-02-02 13:48:13,885 - __main__ - INFO - User guest executed login
2025-02-02 13:48:15,487 - __main__ - INFO - User guest executed google_login
2025-02-02 13:48:19,710 - __main__ - INFO - User guest executed google_callback
2025-02-02 13:48:22,074 - __main__ - INFO - User 675d07d25464283b83a73cb0 executed select_db
2025-02-02 13:48:28,130 - __main__ - INFO - User 675d07d25464283b83a73cb0 executed select_db
2025-02-02 13:48:29,686 - __main__ - INFO - User 675d07d25464283b83a73cb0 executed connect_database
2025-02-02 14:03:16,538 - __main__ - INFO - User 675d07d25464283b83a73cb0 executed login
2025-02-02 14:03:22,109 - __main__ - INFO - User 675d07d25464283b83a73cb0 executed login
2025-02-02 14:03:23,845 - __main__ - INFO - User 675d07d25464283b83a73cb0 executed google_login
2025-02-02 14:03:31,133 - __main__ - INFO - User 675d07d25464283b83a73cb0 executed google_callback
2025-02-02 14:03:33,812 - __main__ - INFO - User 675dcc7f7431b5fa52550582 executed select_db
2025-02-02 14:03:47,810 - __main__ - INFO - User 675dcc7f7431b5fa52550582 executed select_db
2025-02-02 14:03:49,374 - __main__ - INFO - User 675dcc7f7431b5fa52550582 executed connect_database
2025-02-02 14:07:37,448 - __main__ - INFO - User 675dcc7f7431b5fa52550582 executed login
2025-02-02 14:07:40,058 - __main__ - INFO - User 675dcc7f7431b5fa52550582 executed login
2025-02-02 14:07:41,717 - __main__ - INFO - User 675dcc7f7431b5fa52550582 executed google_login
2025-02-02 14:07:47,746 - __main__ - INFO - User 675dcc7f7431b5fa52550582 executed google_callback
2025-02-02 14:07:49,053 - __main__ - INFO - User 675d07d25464283b83a73cb0 executed select_db
2025-02-02 14:07:54,612 - __main__ - INFO - User 675d07d25464283b83a73cb0 executed select_db
2025-02-02 14:07:56,167 - __main__ - INFO - User 675d07d25464283b83a73cb0 executed connect_database
2025-02-02 14:10:44,550 - __main__ - INFO - User 675d07d25464283b83a73cb0 executed login
2025-02-02 14:10:46,834 - __main__ - INFO - User 675d07d25464283b83a73cb0 executed login
2025-02-02 14:10:48,088 - __main__ - INFO - User 675d07d25464283b83a73cb0 executed google_login
2025-02-02 14:10:52,398 - __main__ - INFO - User 675d07d25464283b83a73cb0 executed google_callback
2025-02-02 14:10:53,797 - __main__ - INFO - User 675d07d25464283b83a73cb0 executed select_db
2025-02-02 14:11:01,376 - __main__ - INFO - User 675d07d25464283b83a73cb0 executed select_db
2025-02-02 14:11:02,942 - __main__ - INFO - User 675d07d25464283b83a73cb0 executed connect_database
2025-02-02 14:15:19,144 - __main__ - INFO - User 675d07d25464283b83a73cb0 executed login
2025-02-02 14:15:21,326 - __main__ - INFO - User 675d07d25464283b83a73cb0 executed login
2025-02-02 14:15:22,792 - __main__ - INFO - User 675d07d25464283b83a73cb0 executed google_login
2025-02-02 14:15:28,999 - __main__ - INFO - User 675d07d25464283b83a73cb0 executed google_callback
2025-02-02 14:15:30,636 - __main__ - INFO - User 675d07d25464283b83a73cb0 executed select_db
2025-02-02 14:15:36,428 - __main__ - INFO - User 675d07d25464283b83a73cb0 executed select_db
2025-02-02 14:15:37,981 - __main__ - INFO - User 675d07d25464283b83a73cb0 executed connect_database
2025-02-02 14:15:42,523 - __main__ - INFO - PDF report generated successfully
2025-02-02 14:17:30,593 - __main__ - INFO - User 675d07d25464283b83a73cb0 executed connect_database
2025-02-02 14:17:30,965 - __main__ - INFO - User 675d07d25464283b83a73cb0 executed connect_database
2025-02-02 14:17:35,811 - __main__ - INFO - User 675d07d25464283b83a73cb0 executed select_db
2025-02-02 19:14:34,865 - __main__ - INFO - User guest executed login
2025-02-02 19:14:36,609 - __main__ - INFO - User guest executed google_login
2025-02-02 19:14:41,691 - __main__ - INFO - User guest executed google_callback
2025-02-02 19:14:43,052 - __main__ - INFO - User 675dcc7f7431b5fa52550582 executed select_db
2025-02-02 19:14:54,574 - __main__ - INFO - User 675dcc7f7431b5fa52550582 executed select_db
2025-02-02 19:14:56,151 - __main__ - INFO - User 675dcc7f7431b5fa52550582 executed connect_database
2025-02-02 19:16:59,378 - __main__ - INFO - User 675dcc7f7431b5fa52550582 executed nlp_query
2025-02-02 19:16:59,414 - __main__ - INFO - User 675dcc7f7431b5fa52550582 executed select_db
2025-02-02 19:17:14,590 - __main__ - INFO - User guest executed login
2025-02-02 19:17:15,974 - __main__ - INFO - User guest executed google_login
2025-02-02 19:17:23,528 - __main__ - INFO - User guest executed google_callback
2025-02-02 19:17:26,002 - __main__ - INFO - User 675d07d25464283b83a73cb0 executed select_db
2025-02-02 19:17:31,833 - __main__ - INFO - User 675d07d25464283b83a73cb0 executed select_db
2025-02-02 19:17:33,394 - __main__ - INFO - User 675d07d25464283b83a73cb0 executed connect_database
2025-02-02 19:17:36,022 - __main__ - INFO - User 675d07d25464283b83a73cb0 executed nlp_query
2025-02-02 19:17:36,060 - __main__ - INFO - User 675d07d25464283b83a73cb0 executed select_db
2025-02-02 19:17:54,779 - __main__ - INFO - User 675d07d25464283b83a73cb0 executed select_db
2025-02-02 19:17:56,326 - __main__ - INFO - User 675d07d25464283b83a73cb0 executed connect_database
2025-02-02 19:17:59,214 - __main__ - INFO - User 675d07d25464283b83a73cb0 executed login
2025-02-02 19:18:03,428 - __main__ - INFO - User 675d07d25464283b83a73cb0 executed login
2025-02-02 19:18:05,686 - __main__ - INFO - User 675d07d25464283b83a73cb0 executed google_login
2025-02-02 19:18:30,204 - __main__ - INFO - User 675d07d25464283b83a73cb0 executed google_callback
2025-02-02 19:18:32,786 - __main__ - INFO - User 675d07d25464283b83a73cb0 executed select_db
2025-02-02 19:19:30,567 - __main__ - INFO - User 675d07d25464283b83a73cb0 executed select_db
2025-02-02 19:19:36,607 - __main__ - INFO - User 675d07d25464283b83a73cb0 executed select_db
2025-02-02 19:19:38,147 - __main__ - INFO - User 675d07d25464283b83a73cb0 executed connect_database
2025-02-02 19:19:40,786 - __main__ - INFO - User 675d07d25464283b83a73cb0 executed nlp_query
2025-02-02 19:19:40,823 - __main__ - INFO - User 675d07d25464283b83a73cb0 executed select_db
2025-02-02 19:20:58,106 - __main__ - INFO - User 675d07d25464283b83a73cb0 executed select_db
2025-02-02 19:20:59,648 - __main__ - INFO - User 675d07d25464283b83a73cb0 executed connect_database
2025-02-02 19:25:17,866 - __main__ - INFO - User 675d07d25464283b83a73cb0 executed select_db
2025-02-02 19:25:42,198 - __main__ - INFO - User 675d07d25464283b83a73cb0 executed select_db
2025-02-02 19:25:43,730 - __main__ - INFO - User 675d07d25464283b83a73cb0 executed connect_database
2025-02-02 19:26:24,402 - __main__ - INFO - User 675d07d25464283b83a73cb0 executed nlp_query
2025-02-02 19:26:24,438 - __main__ - INFO - User 675d07d25464283b83a73cb0 executed select_db
2025-02-02 19:26:42,304 - __main__ - INFO - User 675d07d25464283b83a73cb0 executed select_db
2025-02-02 19:26:43,840 - __main__ - INFO - User 675d07d25464283b83a73cb0 executed connect_database
2025-02-02 19:26:48,520 - __main__ - INFO - User 675d07d25464283b83a73cb0 executed select_db
2025-02-02 19:26:49,866 - __main__ - INFO - User 675d07d25464283b83a73cb0 executed select_db
2025-02-02 22:06:35,285 - __main__ - INFO - User guest executed login
2025-02-02 22:06:36,999 - __main__ - INFO - User guest executed google_login
2025-02-02 22:06:40,954 - __main__ - INFO - User guest executed google_callback
2025-02-02 22:06:42,211 - __main__ - INFO - User 675d07d25464283b83a73cb0 executed select_db
2025-02-02 22:06:49,855 - __main__ - INFO - User 675d07d25464283b83a73cb0 executed select_db
2025-02-02 22:06:51,394 - __main__ - INFO - User 675d07d25464283b83a73cb0 executed connect_database
2025-02-02 22:06:51,572 - __main__ - ERROR - Unexpected database connection error: Could not build url for endpoint 'render_template' with values ['template_name']. Did you mean 'reset_password' instead?
2025-02-02 22:06:51,606 - __main__ - INFO - User 675d07d25464283b83a73cb0 executed select_db
2025-02-02 22:33:13,855 - __main__ - INFO - User 675d07d25464283b83a73cb0 executed login
2025-02-02 22:33:15,822 - __main__ - INFO - User 675d07d25464283b83a73cb0 executed login
2025-02-02 22:33:17,516 - __main__ - INFO - User 675d07d25464283b83a73cb0 executed google_login
2025-02-02 22:33:21,284 - __main__ - INFO - User 675d07d25464283b83a73cb0 executed google_callback
2025-02-02 22:33:22,829 - __main__ - INFO - User 675dcc7f7431b5fa52550582 executed select_db
2025-02-02 22:33:30,088 - __main__ - INFO - User 675dcc7f7431b5fa52550582 executed select_db
2025-02-02 22:33:31,631 - __main__ - INFO - User 675dcc7f7431b5fa52550582 executed connect_database
2025-02-02 22:33:36,898 - __main__ - INFO - User 675dcc7f7431b5fa52550582 executed login
2025-02-02 22:33:39,013 - __main__ - INFO - User 675dcc7f7431b5fa52550582 executed login
2025-02-02 22:33:40,117 - __main__ - INFO - User 675dcc7f7431b5fa52550582 executed google_login
2025-02-02 22:33:44,897 - __main__ - INFO - User 675dcc7f7431b5fa52550582 executed google_callback
2025-02-02 22:33:46,095 - __main__ - INFO - User 675d07d25464283b83a73cb0 executed select_db
2025-02-02 22:33:52,853 - __main__ - INFO - User 675d07d25464283b83a73cb0 executed select_db
2025-02-02 22:33:54,381 - __main__ - INFO - User 675d07d25464283b83a73cb0 executed connect_database
2025-02-02 22:39:45,590 - __main__ - INFO - User guest executed login
2025-02-02 22:39:47,366 - __main__ - INFO - User guest executed google_login
2025-02-02 22:42:28,840 - __main__ - INFO - User guest executed login
2025-02-02 22:42:30,239 - __main__ - INFO - User guest executed google_login
2025-02-02 22:42:33,796 - __main__ - INFO - User guest executed google_callback
2025-02-02 22:42:35,572 - __main__ - INFO - User 675dcc7f7431b5fa52550582 executed select_db
2025-02-02 22:42:42,585 - __main__ - INFO - User 675dcc7f7431b5fa52550582 executed select_db
2025-02-02 22:42:44,191 - __main__ - INFO - User 675dcc7f7431b5fa52550582 executed connect_database
2025-02-02 22:42:46,891 - __main__ - INFO - User 675dcc7f7431b5fa52550582 executed nlp_query
2025-02-02 22:46:33,424 - __main__ - INFO - User 675dcc7f7431b5fa52550582 executed nlp_query
2025-02-02 22:53:59,571 - __main__ - INFO - User guest executed login
2025-02-02 22:54:00,950 - __main__ - INFO - User guest executed google_login
2025-02-02 22:54:04,649 - __main__ - INFO - User guest executed google_callback
2025-02-02 22:54:05,975 - __main__ - INFO - User 675d07d25464283b83a73cb0 executed select_db
2025-02-02 22:54:12,873 - __main__ - INFO - User 675d07d25464283b83a73cb0 executed select_db
2025-02-02 22:54:14,415 - __main__ - INFO - User 675d07d25464283b83a73cb0 executed connect_database
2025-02-02 23:00:55,449 - __main__ - INFO - User 675d07d25464283b83a73cb0 executed login
2025-02-02 23:00:58,046 - __main__ - INFO - User 675d07d25464283b83a73cb0 executed login
2025-02-02 23:00:59,679 - __main__ - INFO - User 675d07d25464283b83a73cb0 executed google_login
2025-02-02 23:01:04,215 - __main__ - INFO - User 675d07d25464283b83a73cb0 executed google_callback
2025-02-02 23:01:05,544 - __main__ - INFO - User 675d07d25464283b83a73cb0 executed select_db
2025-02-02 23:01:15,507 - __main__ - INFO - User 675d07d25464283b83a73cb0 executed select_db
2025-02-02 23:01:17,054 - __main__ - INFO - User 675d07d25464283b83a73cb0 executed connect_database
2025-02-02 23:01:20,831 - __main__ - INFO - User 675d07d25464283b83a73cb0 executed nlp_query
2025-02-02 23:03:34,551 - __main__ - INFO - User 675d07d25464283b83a73cb0 executed connect_database
2025-02-02 23:03:36,945 - __main__ - INFO - User 675d07d25464283b83a73cb0 executed login
2025-02-02 23:03:39,765 - __main__ - INFO - User 675d07d25464283b83a73cb0 executed login
2025-02-02 23:09:12,127 - __main__ - INFO - User 675d07d25464283b83a73cb0 executed google_login
2025-02-02 23:09:15,606 - __main__ - INFO - User 675d07d25464283b83a73cb0 executed google_callback
2025-02-02 23:09:17,006 - __main__ - INFO - User 675d07d25464283b83a73cb0 executed select_db
2025-02-02 23:21:52,427 - __main__ - INFO - User 675d07d25464283b83a73cb0 executed login
2025-02-02 23:21:54,343 - __main__ - INFO - User 675d07d25464283b83a73cb0 executed login
2025-02-02 23:21:55,542 - __main__ - INFO - User 675d07d25464283b83a73cb0 executed google_login
2025-02-02 23:21:59,783 - __main__ - INFO - User 675d07d25464283b83a73cb0 executed google_callback
2025-02-02 23:22:01,185 - __main__ - INFO - User 675d07d25464283b83a73cb0 executed select_db
2025-02-02 23:22:09,863 - __main__ - INFO - User 675d07d25464283b83a73cb0 executed select_db
2025-02-02 23:22:11,395 - __main__ - INFO - User 675d07d25464283b83a73cb0 executed connect_database
2025-02-02 23:22:50,897 - __main__ - INFO - User 675d07d25464283b83a73cb0 executed login
2025-02-02 23:22:54,440 - __main__ - INFO - User 675d07d25464283b83a73cb0 executed login
2025-02-02 23:22:55,730 - __main__ - INFO - User 675d07d25464283b83a73cb0 executed google_login
2025-02-02 23:26:26,411 - __main__ - INFO - User 675d07d25464283b83a73cb0 executed google_callback
2025-02-02 23:26:27,765 - __main__ - INFO - User 675d07d25464283b83a73cb0 executed select_db
2025-02-02 23:26:34,104 - __main__ - INFO - User 675d07d25464283b83a73cb0 executed select_db
2025-02-02 23:26:35,635 - __main__ - INFO - User 675d07d25464283b83a73cb0 executed connect_database
2025-02-03 12:05:51,205 - __main__ - INFO - User guest executed login
2025-02-03 12:05:53,124 - __main__ - INFO - User guest executed google_login
2025-02-03 12:06:02,554 - __main__ - INFO - User guest executed google_callback
2025-02-03 12:06:04,400 - __main__ - INFO - User 675d07d25464283b83a73cb0 executed select_db
2025-02-03 12:06:38,533 - __main__ - INFO - User 675d07d25464283b83a73cb0 executed select_db
2025-02-03 12:06:40,074 - __main__ - INFO - User 675d07d25464283b83a73cb0 executed connect_database
2025-02-03 12:07:18,022 - __main__ - INFO - User 675d07d25464283b83a73cb0 executed nlp_query
2025-02-03 12:07:42,929 - __main__ - INFO - User 675d07d25464283b83a73cb0 executed login
2025-02-03 12:07:44,801 - __main__ - INFO - User 675d07d25464283b83a73cb0 executed register
2025-02-03 12:07:48,332 - __main__ - INFO - User 675d07d25464283b83a73cb0 executed login
2025-02-03 12:07:49,640 - __main__ - INFO - User 675d07d25464283b83a73cb0 executed reset_password
2025-02-03 12:07:51,667 - __main__ - INFO - User 675d07d25464283b83a73cb0 executed login
2025-02-03 12:26:54,240 - __main__ - INFO - User 675d07d25464283b83a73cb0 executed login
2025-02-03 12:26:55,843 - __main__ - INFO - User 675d07d25464283b83a73cb0 executed google_login
2025-02-03 12:27:11,526 - __main__ - INFO - User 675d07d25464283b83a73cb0 executed google_callback
2025-02-03 12:27:12,828 - __main__ - INFO - User 675dcc7f7431b5fa52550582 executed select_db
2025-02-03 12:27:18,738 - __main__ - INFO - User 675dcc7f7431b5fa52550582 executed select_db
2025-02-03 12:27:20,304 - __main__ - INFO - User 675dcc7f7431b5fa52550582 executed connect_database
2025-02-03 12:27:22,982 - __main__ - INFO - User 675dcc7f7431b5fa52550582 executed nlp_query
2025-02-03 12:28:10,341 - __main__ - INFO - User 675dcc7f7431b5fa52550582 executed nlp_query
2025-02-03 12:28:10,343 - __main__ - ERROR - Error in nlp_query: generate_mongo_query() takes 1 positional argument but 2 were given
2025-02-03 12:31:50,663 - __main__ - INFO - User 675dcc7f7431b5fa52550582 executed login
2025-02-03 12:31:52,877 - __main__ - INFO - User 675dcc7f7431b5fa52550582 executed login
2025-02-03 12:31:54,152 - __main__ - INFO - User 675dcc7f7431b5fa52550582 executed google_login
2025-02-03 12:32:01,851 - __main__ - INFO - User 675dcc7f7431b5fa52550582 executed google_callback
2025-02-03 12:32:04,080 - __main__ - INFO - User 675d07d25464283b83a73cb0 executed select_db
2025-02-03 12:32:09,214 - __main__ - INFO - User 675d07d25464283b83a73cb0 executed select_db
2025-02-03 12:32:10,777 - __main__ - INFO - User 675d07d25464283b83a73cb0 executed connect_database
2025-02-03 12:32:13,842 - __main__ - INFO - User 675d07d25464283b83a73cb0 executed nlp_query
2025-02-03 12:32:32,465 - __main__ - INFO - User 675d07d25464283b83a73cb0 executed nlp_query
2025-02-03 12:32:32,467 - __main__ - ERROR - Error in nlp_query: generate_mongo_query() takes 1 positional argument but 2 were given
2025-02-03 12:32:34,191 - __main__ - INFO - User 675d07d25464283b83a73cb0 executed nlp_query
2025-02-03 12:32:34,193 - __main__ - ERROR - Error in nlp_query: generate_mongo_query() takes 1 positional argument but 2 were given
2025-02-03 12:33:57,111 - __main__ - INFO - User 675d07d25464283b83a73cb0 executed nlp_query
2025-02-03 13:01:24,517 - __main__ - INFO - User 675d07d25464283b83a73cb0 executed login
2025-02-03 13:01:26,859 - __main__ - INFO - User 675d07d25464283b83a73cb0 executed login
2025-02-03 13:01:28,194 - __main__ - INFO - User 675d07d25464283b83a73cb0 executed google_login
2025-02-03 13:01:33,581 - __main__ - INFO - User 675d07d25464283b83a73cb0 executed google_callback
2025-02-03 13:01:35,679 - __main__ - INFO - User 675dcc7f7431b5fa52550582 executed select_db
2025-02-03 13:01:40,836 - __main__ - INFO - User 675dcc7f7431b5fa52550582 executed select_db
2025-02-03 13:01:42,403 - __main__ - INFO - User 675dcc7f7431b5fa52550582 executed connect_database
2025-02-03 13:01:42,610 - __main__ - ERROR - Unexpected database connection error: unexpected char '\\' at 20123
2025-02-03 13:01:42,641 - __main__ - INFO - User 675dcc7f7431b5fa52550582 executed select_db
2025-02-03 13:02:31,330 - __main__ - INFO - User 675dcc7f7431b5fa52550582 executed select_db
2025-02-03 13:02:39,699 - __main__ - INFO - User 675dcc7f7431b5fa52550582 executed select_db
2025-02-03 13:02:41,260 - __main__ - INFO - User 675dcc7f7431b5fa52550582 executed connect_database
2025-02-03 13:02:46,753 - __main__ - INFO - User 675dcc7f7431b5fa52550582 executed nlp_query
2025-02-03 14:13:20,260 - __main__ - INFO - User guest executed login
2025-02-03 14:13:21,791 - __main__ - INFO - User guest executed google_login
2025-02-03 14:13:55,306 - __main__ - INFO - User guest executed login
2025-02-03 14:13:56,967 - __main__ - INFO - User guest executed google_login
2025-02-03 14:14:07,652 - __main__ - INFO - User guest executed google_callback
2025-02-03 14:14:09,757 - __main__ - INFO - User 675d07d25464283b83a73cb0 executed select_db
2025-02-03 14:14:17,645 - __main__ - INFO - User 675d07d25464283b83a73cb0 executed select_db
2025-02-03 14:14:19,207 - __main__ - INFO - User 675d07d25464283b83a73cb0 executed connect_database
2025-02-03 14:15:27,931 - __main__ - INFO - User 675d07d25464283b83a73cb0 executed nlp_query
2025-02-03 14:21:00,686 - __main__ - INFO - User 675d07d25464283b83a73cb0 executed connect_database
2025-02-03 14:21:08,214 - __main__ - INFO - User 675d07d25464283b83a73cb0 executed connect_database
2025-02-03 14:42:07,142 - __main__ - INFO - User 675d07d25464283b83a73cb0 executed login
2025-02-03 14:42:09,216 - __main__ - INFO - User 675d07d25464283b83a73cb0 executed login
2025-02-03 14:42:31,451 - __main__ - INFO - User 675d07d25464283b83a73cb0 executed google_login
2025-02-03 14:42:35,877 - __main__ - INFO - User 675d07d25464283b83a73cb0 executed google_callback
2025-02-03 14:42:36,748 - __main__ - INFO - User 675d07d25464283b83a73cb0 executed select_db
2025-02-03 14:42:42,340 - __main__ - INFO - User 675d07d25464283b83a73cb0 executed select_db
2025-02-03 14:42:43,914 - __main__ - INFO - User 675d07d25464283b83a73cb0 executed connect_database
2025-02-03 14:46:13,111 - __main__ - INFO - User 675d07d25464283b83a73cb0 executed connect_database
2025-02-03 15:14:23,231 - __main__ - INFO - User 675d07d25464283b83a73cb0 executed login
2025-02-03 15:14:25,501 - __main__ - INFO - User 675d07d25464283b83a73cb0 executed login
2025-02-03 15:14:26,711 - __main__ - INFO - User 675d07d25464283b83a73cb0 executed google_login
2025-02-03 15:14:30,675 - __main__ - INFO - User 675d07d25464283b83a73cb0 executed google_callback
2025-02-03 15:14:32,143 - __main__ - INFO - User 675dcc7f7431b5fa52550582 executed select_db
2025-02-03 15:14:37,726 - __main__ - INFO - User 675dcc7f7431b5fa52550582 executed select_db
2025-02-03 15:14:39,302 - __main__ - INFO - User 675dcc7f7431b5fa52550582 executed connect_database
2025-02-05 13:03:25,686 - __main__ - INFO - User guest executed login
2025-02-05 13:03:27,865 - __main__ - INFO - User guest executed google_login
2025-02-05 13:03:31,340 - __main__ - INFO - User guest executed google_callback
2025-02-05 13:03:32,737 - __main__ - INFO - User 675dcc7f7431b5fa52550582 executed select_db
2025-02-05 13:03:40,149 - __main__ - INFO - User 675dcc7f7431b5fa52550582 executed select_db
2025-02-05 13:03:41,683 - __main__ - INFO - User 675dcc7f7431b5fa52550582 executed connect_database
2025-02-05 13:03:48,437 - __main__ - INFO - User 675dcc7f7431b5fa52550582 executed nlp_query
2025-02-05 13:04:01,832 - __main__ - INFO - User 675dcc7f7431b5fa52550582 executed nlp_query
2025-02-05 13:06:43,087 - __main__ - INFO - User 675dcc7f7431b5fa52550582 executed connect_database
2025-02-06 10:24:32,975 - __main__ - INFO - User guest executed login
2025-02-06 10:24:35,362 - __main__ - INFO - User guest executed google_login
2025-02-06 10:24:51,208 - __main__ - INFO - User guest executed google_callback
2025-02-06 10:24:54,369 - __main__ - INFO - User 67690d680fa0a49aaca27f8b executed select_db
2025-02-06 10:25:14,314 - __main__ - INFO - User 67690d680fa0a49aaca27f8b executed select_db
2025-02-06 10:25:15,867 - __main__ - INFO - User 67690d680fa0a49aaca27f8b executed connect_database
2025-02-06 10:26:22,565 - __main__ - INFO - User 67690d680fa0a49aaca27f8b executed select_db
2025-02-06 10:27:08,877 - __main__ - INFO - User 67690d680fa0a49aaca27f8b executed select_db
2025-02-06 10:27:10,438 - __main__ - INFO - User 67690d680fa0a49aaca27f8b executed connect_database
2025-02-06 10:27:29,392 - __main__ - INFO - User 67690d680fa0a49aaca27f8b executed select_db
2025-02-06 10:27:31,596 - __main__ - INFO - User 67690d680fa0a49aaca27f8b executed select_db
2025-02-06 10:28:16,591 - __main__ - INFO - User 67690d680fa0a49aaca27f8b executed select_db
2025-02-06 10:28:18,150 - __main__ - INFO - User 67690d680fa0a49aaca27f8b executed connect_database
2025-02-06 10:29:02,709 - __main__ - INFO - User 67690d680fa0a49aaca27f8b executed nlp_query
2025-02-07 06:21:01,829 - __main__ - INFO - User guest executed login
2025-02-07 06:21:27,829 - __main__ - INFO - User guest executed register
2025-02-07 06:21:38,154 - __main__ - INFO - User guest executed login
2025-02-07 06:22:10,452 - __main__ - INFO - User guest executed register
2025-02-07 06:22:44,011 - __main__ - INFO - User guest executed login
2025-02-07 06:22:45,643 - __main__ - INFO - User guest executed reset_password
2025-02-07 06:24:21,869 - __main__ - INFO - User guest executed login
2025-02-07 06:24:27,044 - __main__ - INFO - User guest executed login
2025-02-07 06:24:27,264 - __main__ - INFO - User guest executed login
2025-02-07 06:26:29,423 - __main__ - INFO - User guest executed login
2025-02-07 06:27:09,314 - __main__ - INFO - User guest executed register
2025-02-07 06:28:19,997 - __main__ - INFO - User guest executed login
2025-02-07 06:28:21,461 - __main__ - INFO - User guest executed reset_password
2025-02-07 06:29:23,246 - __main__ - INFO - User guest executed login
2025-02-07 06:29:24,628 - __main__ - INFO - User guest executed google_login
2025-02-07 06:29:28,791 - __main__ - INFO - User guest executed google_callback
2025-02-07 06:29:29,774 - __main__ - INFO - User 675d07d25464283b83a73cb0 executed select_db
2025-02-07 06:31:35,335 - __main__ - INFO - User 675d07d25464283b83a73cb0 executed select_db
2025-02-07 06:31:36,870 - __main__ - INFO - User 675d07d25464283b83a73cb0 executed connect_database
2025-02-07 06:31:40,737 - __main__ - INFO - User 675d07d25464283b83a73cb0 executed login
2025-02-07 06:31:43,656 - __main__ - INFO - User 675d07d25464283b83a73cb0 executed login
2025-02-07 06:31:44,806 - __main__ - INFO - User 675d07d25464283b83a73cb0 executed google_login
2025-02-07 06:31:48,504 - __main__ - INFO - User 675d07d25464283b83a73cb0 executed google_callback
2025-02-07 06:31:49,375 - __main__ - INFO - User 675dcc7f7431b5fa52550582 executed select_db
2025-02-07 06:32:06,026 - __main__ - INFO - User 675dcc7f7431b5fa52550582 executed select_db
2025-02-07 06:32:07,556 - __main__ - INFO - User 675dcc7f7431b5fa52550582 executed connect_database
2025-02-07 06:33:13,576 - __main__ - INFO - User 675dcc7f7431b5fa52550582 executed nlp_query
2025-02-07 09:33:19,028 - __main__ - INFO - User guest executed login
2025-02-07 09:33:21,360 - __main__ - INFO - User guest executed google_login
2025-02-07 09:33:46,701 - __main__ - INFO - User guest executed google_callback
2025-02-07 09:33:48,240 - __main__ - INFO - User 675dcc7f7431b5fa52550582 executed select_db
2025-02-07 09:34:15,350 - __main__ - INFO - User 675dcc7f7431b5fa52550582 executed select_db
2025-02-07 09:34:16,923 - __main__ - INFO - User 675dcc7f7431b5fa52550582 executed connect_database
2025-02-07 12:05:56,901 - __main__ - INFO - User guest executed login
2025-02-07 12:05:58,252 - __main__ - INFO - User guest executed google_login
2025-02-07 12:06:11,035 - __main__ - INFO - User guest executed google_callback
2025-02-07 12:06:13,708 - __main__ - INFO - User 675dcc7f7431b5fa52550582 executed select_db
2025-02-07 12:06:22,647 - __main__ - INFO - User 675dcc7f7431b5fa52550582 executed select_db
2025-02-07 12:06:24,297 - __main__ - INFO - User 675dcc7f7431b5fa52550582 executed connect_database
2025-02-07 12:06:28,939 - __main__ - INFO - User 675dcc7f7431b5fa52550582 executed login
2025-02-07 12:06:30,474 - __main__ - INFO - User 675dcc7f7431b5fa52550582 executed google_login
2025-02-07 12:06:37,682 - __main__ - INFO - User 675dcc7f7431b5fa52550582 executed google_callback
2025-02-07 12:06:39,294 - __main__ - INFO - User 67690d680fa0a49aaca27f8b executed select_db
2025-02-07 12:07:39,232 - __main__ - INFO - User 67690d680fa0a49aaca27f8b executed select_db
2025-02-07 12:07:40,809 - __main__ - INFO - User 67690d680fa0a49aaca27f8b executed connect_database
2025-02-07 12:07:42,175 - __main__ - ERROR - JSON handling error: 'dict object' has no attribute '_id'
2025-02-07 12:07:42,225 - __main__ - INFO - User 67690d680fa0a49aaca27f8b executed select_db
2025-02-07 12:08:19,899 - __main__ - INFO - User 67690d680fa0a49aaca27f8b executed select_db
2025-02-07 12:08:21,482 - __main__ - INFO - User 67690d680fa0a49aaca27f8b executed connect_database
2025-02-07 12:08:22,453 - __main__ - ERROR - JSON handling error: 'dict object' has no attribute '_id'
2025-02-07 12:08:22,502 - __main__ - INFO - User 67690d680fa0a49aaca27f8b executed select_db
2025-02-07 12:08:45,795 - __main__ - INFO - User 67690d680fa0a49aaca27f8b executed select_db
2025-02-07 12:08:47,357 - __main__ - INFO - User 67690d680fa0a49aaca27f8b executed connect_database
2025-02-07 12:08:49,020 - __main__ - ERROR - Unexpected database connection error: 'dict object' has no attribute '_id'
2025-02-07 12:08:49,094 - __main__ - INFO - User 67690d680fa0a49aaca27f8b executed select_db
2025-02-07 12:15:44,446 - __main__ - INFO - User guest executed login
2025-02-07 12:15:46,295 - __main__ - INFO - User guest executed google_login
2025-02-07 12:15:50,298 - __main__ - INFO - User guest executed google_callback
2025-02-07 12:15:51,797 - __main__ - INFO - User 675dcc7f7431b5fa52550582 executed select_db
2025-02-07 12:15:57,538 - __main__ - INFO - User 675dcc7f7431b5fa52550582 executed select_db
2025-02-07 12:15:59,084 - __main__ - INFO - User 675dcc7f7431b5fa52550582 executed connect_database
2025-02-07 12:16:07,617 - __main__ - INFO - User 675dcc7f7431b5fa52550582 executed select_db
2025-02-07 12:16:09,196 - __main__ - INFO - User 675dcc7f7431b5fa52550582 executed connect_database
2025-02-07 12:16:09,982 - __main__ - ERROR - Unexpected database connection error: 'dict object' has no attribute '_id'
2025-02-07 12:16:10,020 - __main__ - INFO - User 675dcc7f7431b5fa52550582 executed select_db
2025-02-07 12:17:17,898 - __main__ - INFO - User 675dcc7f7431b5fa52550582 executed login
2025-02-07 12:17:21,279 - __main__ - INFO - User 675dcc7f7431b5fa52550582 executed login
2025-02-07 12:17:22,497 - __main__ - INFO - User 675dcc7f7431b5fa52550582 executed google_login
2025-02-07 12:17:29,594 - __main__ - INFO - User 675dcc7f7431b5fa52550582 executed google_callback
2025-02-07 12:17:30,929 - __main__ - INFO - User 67690d680fa0a49aaca27f8b executed select_db
2025-02-07 12:17:36,161 - __main__ - INFO - User 67690d680fa0a49aaca27f8b executed select_db
2025-02-07 12:17:37,734 - __main__ - INFO - User 67690d680fa0a49aaca27f8b executed connect_database
2025-02-07 12:17:50,916 - __main__ - INFO - User 67690d680fa0a49aaca27f8b executed select_db
2025-02-07 12:17:52,469 - __main__ - INFO - User 67690d680fa0a49aaca27f8b executed connect_database
2025-02-07 12:17:53,192 - __main__ - ERROR - Unexpected database connection error: 'dict object' has no attribute '_id'
2025-02-07 12:17:53,231 - __main__ - INFO - User 67690d680fa0a49aaca27f8b executed select_db
2025-02-07 12:18:01,167 - __main__ - INFO - User 67690d680fa0a49aaca27f8b executed select_db
2025-02-07 12:18:02,756 - __main__ - INFO - User 67690d680fa0a49aaca27f8b executed connect_database
2025-02-08 19:27:21,226 - __main__ - INFO - User guest executed login
2025-02-08 19:27:22,635 - __main__ - INFO - User guest executed google_login
2025-02-08 19:27:26,441 - __main__ - INFO - User guest executed google_callback
2025-02-08 19:27:28,238 - __main__ - INFO - User 675dcc7f7431b5fa52550582 executed select_db
2025-02-08 19:27:33,992 - __main__ - INFO - User 675dcc7f7431b5fa52550582 executed select_db
2025-02-08 19:27:35,537 - __main__ - INFO - User 675dcc7f7431b5fa52550582 executed connect_database
2025-02-08 19:27:38,379 - __main__ - INFO - User 675dcc7f7431b5fa52550582 executed query
2025-02-08 19:28:29,756 - __main__ - INFO - User 675dcc7f7431b5fa52550582 executed query
2025-02-08 19:30:15,888 - __main__ - INFO - User 675dcc7f7431b5fa52550582 executed login
2025-02-08 19:30:18,151 - __main__ - INFO - User 675dcc7f7431b5fa52550582 executed login
2025-02-08 19:30:19,432 - __main__ - INFO - User 675dcc7f7431b5fa52550582 executed google_login
2025-02-08 19:30:23,412 - __main__ - INFO - User 675dcc7f7431b5fa52550582 executed google_callback
2025-02-08 19:30:25,061 - __main__ - INFO - User 675dcc7f7431b5fa52550582 executed select_db
2025-02-08 19:30:30,691 - __main__ - INFO - User 675dcc7f7431b5fa52550582 executed select_db
2025-02-08 19:30:32,255 - __main__ - INFO - User 675dcc7f7431b5fa52550582 executed connect_database
2025-02-08 19:30:35,018 - __main__ - INFO - User 675dcc7f7431b5fa52550582 executed query
2025-02-08 19:31:05,698 - __main__ - INFO - User 675dcc7f7431b5fa52550582 executed query
2025-02-08 19:31:17,982 - __main__ - INFO - User 675dcc7f7431b5fa52550582 executed query
2025-02-08 19:32:20,104 - __main__ - INFO - User 675dcc7f7431b5fa52550582 executed query
2025-02-08 19:37:18,507 - __main__ - INFO - User 675dcc7f7431b5fa52550582 executed login
2025-02-08 19:37:20,618 - __main__ - INFO - User 675dcc7f7431b5fa52550582 executed login
2025-02-08 19:37:22,042 - __main__ - INFO - User 675dcc7f7431b5fa52550582 executed google_login
2025-02-08 19:37:28,101 - __main__ - INFO - User 675dcc7f7431b5fa52550582 executed google_callback
2025-02-08 19:37:31,077 - __main__ - INFO - User 675dcc7f7431b5fa52550582 executed select_db
2025-02-08 19:37:36,175 - __main__ - INFO - User 675dcc7f7431b5fa52550582 executed select_db
2025-02-08 19:37:37,728 - __main__ - INFO - User 675dcc7f7431b5fa52550582 executed connect_database
2025-02-08 19:37:40,728 - __main__ - INFO - User 675dcc7f7431b5fa52550582 executed query
2025-02-08 19:38:01,244 - __main__ - INFO - User 675dcc7f7431b5fa52550582 executed query
2025-02-08 19:41:02,401 - __main__ - INFO - User 675dcc7f7431b5fa52550582 executed login
2025-02-08 19:41:05,446 - __main__ - INFO - User 675dcc7f7431b5fa52550582 executed login
2025-02-08 19:41:06,874 - __main__ - INFO - User 675dcc7f7431b5fa52550582 executed google_login
2025-02-08 19:41:12,343 - __main__ - INFO - User 675dcc7f7431b5fa52550582 executed google_callback
2025-02-08 19:41:13,489 - __main__ - INFO - User 67690d680fa0a49aaca27f8b executed select_db
2025-02-08 19:41:18,622 - __main__ - INFO - User 67690d680fa0a49aaca27f8b executed select_db
2025-02-08 19:41:20,178 - __main__ - INFO - User 67690d680fa0a49aaca27f8b executed connect_database
2025-02-08 19:41:25,582 - __main__ - INFO - User 67690d680fa0a49aaca27f8b executed query
2025-02-08 19:41:41,820 - __main__ - INFO - User 67690d680fa0a49aaca27f8b executed query
2025-02-08 19:41:43,434 - __main__ - INFO - User 67690d680fa0a49aaca27f8b executed query
2025-02-08 19:45:27,098 - __main__ - INFO - NLP model loaded successfully.
2025-02-08 19:46:05,920 - __main__ - INFO - NLP model loaded successfully.
2025-02-08 19:46:10,641 - __main__ - INFO - User 67690d680fa0a49aaca27f8b executed login
2025-02-08 19:46:12,906 - __main__ - INFO - User 67690d680fa0a49aaca27f8b executed login
2025-02-08 19:46:14,267 - __main__ - INFO - User 67690d680fa0a49aaca27f8b executed google_login
2025-02-08 19:46:19,479 - __main__ - INFO - User 67690d680fa0a49aaca27f8b executed google_callback
2025-02-08 19:46:20,686 - __main__ - INFO - User 675dcc7f7431b5fa52550582 executed select_db
2025-02-08 19:46:25,441 - __main__ - INFO - User 675dcc7f7431b5fa52550582 executed select_db
2025-02-08 19:46:27,000 - __main__ - INFO - User 675dcc7f7431b5fa52550582 executed connect_database
2025-02-08 19:46:30,595 - __main__ - INFO - User 675dcc7f7431b5fa52550582 executed query
2025-02-08 19:47:26,488 - __main__ - INFO - User 675dcc7f7431b5fa52550582 executed query
2025-02-08 19:50:05,453 - __main__ - INFO - NLP model loaded successfully.
2025-02-08 19:50:27,426 - __main__ - INFO - NLP model loaded successfully.
2025-02-08 19:50:41,712 - __main__ - INFO - NLP model loaded successfully.
2025-02-08 19:50:49,613 - __main__ - INFO - User 675dcc7f7431b5fa52550582 executed login
2025-02-08 19:50:51,580 - __main__ - INFO - User 675dcc7f7431b5fa52550582 executed login
2025-02-08 19:50:52,726 - __main__ - INFO - User 675dcc7f7431b5fa52550582 executed google_login
2025-02-08 19:50:58,975 - __main__ - INFO - User 675dcc7f7431b5fa52550582 executed google_callback
2025-02-08 19:51:00,111 - __main__ - INFO - User 675d07d25464283b83a73cb0 executed select_db
2025-02-08 19:51:05,087 - __main__ - INFO - User 675d07d25464283b83a73cb0 executed select_db
2025-02-08 19:51:06,647 - __main__ - INFO - User 675d07d25464283b83a73cb0 executed connect_database
2025-02-08 19:51:09,598 - __main__ - INFO - User 675d07d25464283b83a73cb0 executed query
2025-02-08 19:51:17,779 - __main__ - INFO - User 675d07d25464283b83a73cb0 executed query
2025-02-08 19:53:11,975 - __main__ - INFO - NLP model loaded successfully.
2025-02-08 19:53:29,868 - __main__ - INFO - NLP model loaded successfully.
2025-02-08 19:53:35,804 - __main__ - INFO - User 675d07d25464283b83a73cb0 executed login
2025-02-08 19:53:42,354 - __main__ - INFO - User 675d07d25464283b83a73cb0 executed login
2025-02-08 19:53:43,893 - __main__ - INFO - User 675d07d25464283b83a73cb0 executed google_login
2025-02-08 19:53:49,163 - __main__ - INFO - User 675d07d25464283b83a73cb0 executed google_callback
2025-02-08 19:53:50,612 - __main__ - INFO - User 675dcc7f7431b5fa52550582 executed select_db
2025-02-08 19:53:55,609 - __main__ - INFO - User 675dcc7f7431b5fa52550582 executed select_db
2025-02-08 19:53:57,176 - __main__ - INFO - User 675dcc7f7431b5fa52550582 executed connect_database
2025-02-08 19:53:59,655 - __main__ - INFO - User 675dcc7f7431b5fa52550582 executed query
2025-02-08 19:54:11,418 - __main__ - INFO - User 675dcc7f7431b5fa52550582 executed query
2025-02-08 19:56:30,358 - __main__ - INFO - NLP model loaded successfully.
2025-02-08 19:56:42,038 - __main__ - INFO - User 675dcc7f7431b5fa52550582 executed login
2025-02-08 19:56:47,088 - __main__ - INFO - User 675dcc7f7431b5fa52550582 executed login
2025-02-08 19:57:25,478 - __main__ - INFO - User 675dcc7f7431b5fa52550582 executed google_login
2025-02-08 19:57:29,908 - __main__ - INFO - User 675dcc7f7431b5fa52550582 executed google_callback
2025-02-08 19:57:31,297 - __main__ - INFO - User 675dcc7f7431b5fa52550582 executed select_db
2025-02-08 19:57:36,073 - __main__ - INFO - User 675dcc7f7431b5fa52550582 executed select_db
2025-02-08 19:57:37,621 - __main__ - INFO - User 675dcc7f7431b5fa52550582 executed connect_database
2025-02-08 19:57:40,413 - __main__ - INFO - User 675dcc7f7431b5fa52550582 executed query
2025-02-08 19:57:53,776 - __main__ - INFO - User 675dcc7f7431b5fa52550582 executed query
2025-02-08 19:59:21,737 - __main__ - INFO - User 675dcc7f7431b5fa52550582 executed select_db
2025-02-10 12:19:06,579 - __main__ - INFO - NLP model loaded successfully.
2025-02-10 12:20:05,291 - __main__ - INFO - NLP model loaded successfully.
2025-02-10 12:26:49,984 - __main__ - INFO - User guest executed login
2025-02-10 12:26:52,230 - __main__ - INFO - User guest executed google_login
2025-02-10 12:27:30,827 - __main__ - INFO - User guest executed login
2025-02-10 12:27:36,052 - __main__ - INFO - User guest executed register
2025-02-10 12:27:39,088 - __main__ - INFO - User guest executed login
2025-02-10 12:27:40,298 - __main__ - INFO - User guest executed reset_password
2025-02-10 12:27:43,816 - __main__ - INFO - User guest executed login
2025-02-10 12:27:45,558 - __main__ - INFO - User guest executed google_login
2025-02-10 12:27:59,883 - __main__ - INFO - User guest executed login
2025-02-10 12:28:15,418 - __main__ - INFO - User guest executed login
2025-02-10 12:28:16,258 - __main__ - INFO - User sridharaj1212@gmail.com logged in successfully.
2025-02-10 12:28:16,314 - __main__ - INFO - User 679c50319f4c96c045c49ac4 executed select_db
2025-02-10 12:28:38,615 - __main__ - INFO - User 679c50319f4c96c045c49ac4 executed select_db
2025-02-10 12:28:40,169 - __main__ - INFO - User 679c50319f4c96c045c49ac4 executed connect_database
2025-02-10 12:29:53,466 - __main__ - INFO - User 679c50319f4c96c045c49ac4 executed query
2025-02-10 12:32:28,202 - __main__ - INFO - User 679c50319f4c96c045c49ac4 executed query
2025-02-10 12:32:39,969 - __main__ - INFO - User 679c50319f4c96c045c49ac4 executed query
2025-02-10 17:41:12,115 - __main__ - INFO - NLP model loaded successfully.
2025-02-10 17:41:22,147 - __main__ - INFO - NLP model loaded successfully.
2025-02-10 17:41:29,652 - __main__ - INFO - User guest executed login
2025-02-10 17:41:31,441 - __main__ - INFO - User guest executed google_login
2025-02-10 17:41:35,011 - __main__ - INFO - User guest executed google_callback
2025-02-10 17:41:36,161 - __main__ - INFO - User 675dcc7f7431b5fa52550582 executed select_db
2025-02-10 17:41:41,453 - __main__ - INFO - User 675dcc7f7431b5fa52550582 executed select_db
2025-02-10 17:41:43,045 - __main__ - INFO - User 675dcc7f7431b5fa52550582 executed connect_database
2025-02-10 17:41:46,508 - __main__ - INFO - User 675dcc7f7431b5fa52550582 executed query
2025-02-10 17:42:12,256 - __main__ - INFO - User 675dcc7f7431b5fa52550582 executed query
2025-02-10 17:42:27,053 - __main__ - INFO - User 675dcc7f7431b5fa52550582 executed query
2025-02-10 17:43:39,917 - __main__ - INFO - User 675dcc7f7431b5fa52550582 executed query
2025-02-10 17:45:59,478 - __main__ - INFO - User guest executed login
2025-02-10 17:46:01,069 - __main__ - INFO - User guest executed google_login
2025-02-10 17:46:04,481 - __main__ - INFO - User guest executed google_callback
2025-02-10 17:46:07,241 - __main__ - INFO - User 675dcc7f7431b5fa52550582 executed select_db
2025-02-10 17:46:12,310 - __main__ - INFO - User 675dcc7f7431b5fa52550582 executed select_db
2025-02-10 17:46:13,895 - __main__ - INFO - User 675dcc7f7431b5fa52550582 executed connect_database
2025-02-10 17:46:17,214 - __main__ - INFO - User 675dcc7f7431b5fa52550582 executed query
2025-02-10 17:48:26,856 - __main__ - INFO - User 675dcc7f7431b5fa52550582 executed query
